0 info it worked if it ends with ok
1 verbose cli [ '/lusr/opt/nodejs-0.12.2/bin/node', '/lusr/bin/npm', 'start' ]
2 info using npm@2.7.4
3 info using node@v0.12.2
4 verbose run-script [ 'prestart', 'start', 'poststart' ]
5 info prestart idb@0.1.0
6 info start idb@0.1.0
7 verbose unsafe-perm in lifecycle true
8 info idb@0.1.0 Failed to exec start script
9 verbose stack Error: idb@0.1.0 start: `react-scripts start`
9 verbose stack Exit status 1
9 verbose stack     at EventEmitter.<anonymous> (/lusr/opt/nodejs-0.12.2/lib/node_modules/npm/lib/utils/lifecycle.js:213:16)
9 verbose stack     at EventEmitter.emit (events.js:110:17)
9 verbose stack     at ChildProcess.<anonymous> (/lusr/opt/nodejs-0.12.2/lib/node_modules/npm/lib/utils/spawn.js:14:12)
9 verbose stack     at ChildProcess.emit (events.js:110:17)
9 verbose stack     at maybeClose (child_process.js:1015:16)
9 verbose stack     at Process.ChildProcess._handle.onexit (child_process.js:1087:5)
10 verbose pkgid idb@0.1.0
11 verbose cwd /v/filer5b/v38q001/traylor1/Everything_SoE/phase4/idb/app/frontend
12 error Linux 4.4.0-119-generic
13 error argv "/lusr/opt/nodejs-0.12.2/bin/node" "/lusr/bin/npm" "start"
14 error node v0.12.2
15 error npm  v2.7.4
16 error code ELIFECYCLE
17 error idb@0.1.0 start: `react-scripts start`
17 error Exit status 1
18 error Failed at the idb@0.1.0 start script 'react-scripts start'.
18 error This is most likely a problem with the idb package,
18 error not with npm itself.
18 error Tell the author that this fails on your system:
18 error     react-scripts start
18 error You can get their info via:
18 error     npm owner ls idb
18 error There is likely additional logging output above.
19 verbose exit [ 1, true ]
